<?xml version="1.0" encoding="UTF-8"?>
<testsuite xmlns:xsi="http://www.w3.org/2001/XMLSchema-instance" xsi:noNamespaceSchemaLocation="https://maven.apache.org/surefire/maven-surefire-plugin/xsd/surefire-test-report-3.0.xsd" version="3.0" name="org.example.AppTest" time="0.012" tests="1" errors="0" skipped="0" failures="0">
  <properties>
    <property name="java.specification.version" value="17"/>
    <property name="sun.jnu.encoding" value="UTF-8"/>
    <property name="java.class.path" value="/Users/swrajsharma/Desktop/Personal/Java/hungrycoders_java/target/test-classes:/Users/swrajsharma/Desktop/Personal/Java/hungrycoders_java/target/classes:/Users/swrajsharma/.m2/repository/junit/junit/3.8.1/junit-3.8.1.jar:/Users/swrajsharma/.m2/repository/org/openjfx/javafx-controls/17/javafx-controls-17.jar:/Users/swrajsharma/.m2/repository/org/openjfx/javafx-controls/17/javafx-controls-17-mac-aarch64.jar:/Users/swrajsharma/.m2/repository/org/openjfx/javafx-graphics/17/javafx-graphics-17.jar:/Users/swrajsharma/.m2/repository/org/openjfx/javafx-graphics/17/javafx-graphics-17-mac-aarch64.jar:/Users/swrajsharma/.m2/repository/org/projectlombok/lombok/1.18.32/lombok-1.18.32.jar:/Users/swrajsharma/.m2/repository/org/openjfx/javafx-base/17/javafx-base-17.jar:/Users/swrajsharma/.m2/repository/org/openjfx/javafx-base/17/javafx-base-17-mac-aarch64.jar:"/>
    <property name="java.vm.vendor" value="Homebrew"/>
    <property name="sun.arch.data.model" value="64"/>
    <property name="java.vendor.url" value="https://github.com/Homebrew/homebrew-core/issues"/>
    <property name="os.name" value="Mac OS X"/>
    <property name="java.vm.specification.version" value="17"/>
    <property name="sun.java.launcher" value="SUN_STANDARD"/>
    <property name="user.country" value="IN"/>
    <property name="sun.boot.library.path" value="/opt/homebrew/Cellar/openjdk@17/17.0.14/libexec/openjdk.jdk/Contents/Home/lib"/>
    <property name="sun.java.command" value="/Users/swrajsharma/Desktop/Personal/Java/hungrycoders_java/target/surefire/surefirebooter-20250528082032794_3.jar /Users/swrajsharma/Desktop/Personal/Java/hungrycoders_java/target/surefire 2025-05-28T08-20-32_729-jvmRun1 surefire-20250528082032794_1tmp surefire_0-20250528082032794_2tmp"/>
    <property name="http.nonProxyHosts" value="local|*.local|169.254/16|*.169.254/16"/>
    <property name="jdk.debug" value="release"/>
    <property name="surefire.test.class.path" value="/Users/swrajsharma/Desktop/Personal/Java/hungrycoders_java/target/test-classes:/Users/swrajsharma/Desktop/Personal/Java/hungrycoders_java/target/classes:/Users/swrajsharma/.m2/repository/junit/junit/3.8.1/junit-3.8.1.jar:/Users/swrajsharma/.m2/repository/org/openjfx/javafx-controls/17/javafx-controls-17.jar:/Users/swrajsharma/.m2/repository/org/openjfx/javafx-controls/17/javafx-controls-17-mac-aarch64.jar:/Users/swrajsharma/.m2/repository/org/openjfx/javafx-graphics/17/javafx-graphics-17.jar:/Users/swrajsharma/.m2/repository/org/openjfx/javafx-graphics/17/javafx-graphics-17-mac-aarch64.jar:/Users/swrajsharma/.m2/repository/org/projectlombok/lombok/1.18.32/lombok-1.18.32.jar:/Users/swrajsharma/.m2/repository/org/openjfx/javafx-base/17/javafx-base-17.jar:/Users/swrajsharma/.m2/repository/org/openjfx/javafx-base/17/javafx-base-17-mac-aarch64.jar:"/>
    <property name="sun.cpu.endian" value="little"/>
    <property name="user.home" value="/Users/swrajsharma"/>
    <property name="user.language" value="en"/>
    <property name="java.specification.vendor" value="Oracle Corporation"/>
    <property name="java.version.date" value="2025-01-21"/>
    <property name="java.home" value="/opt/homebrew/Cellar/openjdk@17/17.0.14/libexec/openjdk.jdk/Contents/Home"/>
    <property name="file.separator" value="/"/>
    <property name="basedir" value="/Users/swrajsharma/Desktop/Personal/Java/hungrycoders_java"/>
    <property name="java.vm.compressedOopsMode" value="Zero based"/>
    <property name="line.separator" value="&#10;"/>
    <property name="java.vm.specification.vendor" value="Oracle Corporation"/>
    <property name="java.specification.name" value="Java Platform API Specification"/>
    <property name="surefire.real.class.path" value="/Users/swrajsharma/Desktop/Personal/Java/hungrycoders_java/target/surefire/surefirebooter-20250528082032794_3.jar"/>
    <property name="sun.management.compiler" value="HotSpot 64-Bit Tiered Compilers"/>
    <property name="ftp.nonProxyHosts" value="local|*.local|169.254/16|*.169.254/16"/>
    <property name="java.runtime.version" value="17.0.14+0"/>
    <property name="user.name" value="swrajsharma"/>
    <property name="path.separator" value=":"/>
    <property name="os.version" value="15.2"/>
    <property name="java.runtime.name" value="OpenJDK Runtime Environment"/>
    <property name="file.encoding" value="UTF-8"/>
    <property name="java.vm.name" value="OpenJDK 64-Bit Server VM"/>
    <property name="java.vendor.version" value="Homebrew"/>
    <property name="localRepository" value="/Users/swrajsharma/.m2/repository"/>
    <property name="java.vendor.url.bug" value="https://github.com/Homebrew/homebrew-core/issues"/>
    <property name="java.io.tmpdir" value="/var/folders/c8/19yr0gv51sl92drzhqws8x800000gp/T/"/>
    <property name="idea.version" value="2024.3.4.1"/>
    <property name="java.version" value="17.0.14"/>
    <property name="user.dir" value="/Users/swrajsharma/Desktop/Personal/Java/hungrycoders_java"/>
    <property name="os.arch" value="aarch64"/>
    <property name="java.vm.specification.name" value="Java Virtual Machine Specification"/>
    <property name="native.encoding" value="UTF-8"/>
    <property name="java.library.path" value="/Users/swrajsharma/Library/Java/Extensions:/Library/Java/Extensions:/Network/Library/Java/Extensions:/System/Library/Java/Extensions:/usr/lib/java:."/>
    <property name="java.vm.info" value="mixed mode, sharing"/>
    <property name="java.vendor" value="Homebrew"/>
    <property name="java.vm.version" value="17.0.14+0"/>
    <property name="java.specification.maintenance.version" value="1"/>
    <property name="sun.io.unicode.encoding" value="UnicodeBig"/>
    <property name="socksNonProxyHosts" value="local|*.local|169.254/16|*.169.254/16"/>
    <property name="java.class.version" value="61.0"/>
  </properties>
  <testcase name="testApp" classname="org.example.AppTest" time="0.0"/>
</testsuite>